<html>
<head>
<title>TestNG:  TestProject</title>
<link href="../testng.css" rel="stylesheet" type="text/css" />
<link href="../my-testng.css" rel="stylesheet" type="text/css" />

<style type="text/css">
.log { display: none;} 
.stack-trace { display: none;} 
</style>
<script type="text/javascript">
<!--
function flip(e) {
  current = e.style.display;
  if (current == 'block') {
    e.style.display = 'none';
    return 0;
  }
  else {
    e.style.display = 'block';
    return 1;
  }
}

function toggleBox(szDivId, elem, msg1, msg2)
{
  var res = -1;  if (document.getElementById) {
    res = flip(document.getElementById(szDivId));
  }
  else if (document.all) {
    // this is the way old msie versions work
    res = flip(document.all[szDivId]);
  }
  if(elem) {
    if(res == 0) elem.innerHTML = msg1; else elem.innerHTML = msg2;
  }

}

function toggleAllBoxes() {
  if (document.getElementsByTagName) {
    d = document.getElementsByTagName('div');
    for (i = 0; i < d.length; i++) {
      if (d[i].className == 'log') {
        flip(d[i]);
      }
    }
  }
}

// -->
</script>

</head>
<body>
<h2 align='center'>TestProject</h2><table border='1' align="center">
<tr>
<td>Tests passed/Failed/Skipped:</td><td>52/1/0</td>
</tr><tr>
<td>Started on:</td><td>Fri Nov 20 13:43:32 UYT 2020</td>
</tr>
<tr><td>Total time:</td><td>1546 seconds (1546167 ms)</td>
</tr><tr>
<td>Included groups:</td><td></td>
</tr><tr>
<td>Excluded groups:</td><td></td>
</tr>
</table><p/>
<small><i>(Hover the method name to see the test class name)</i></small><p/>
<table width='100%' border='1' class='invocation-failed'>
<tr><td colspan='4' align='center'><b>FAILED TESTS</b></td></tr>
<tr><td><b>Test method</b></td>
<td width="30%"><b>Exception</b></td>
<td width="10%"><b>Time (seconds)</b></td>
<td><b>Instance</b></td>
</tr>
<tr>
<td title='org.example.SurveyPageTestCases.addAContactTypeQuestionWithSubtypeEmailWithDescription()'><b>addAContactTypeQuestionWithSubtypeEmailWithDescription</b><br>Test class: org.example.SurveyPageTestCases</td>
<td><div><pre>org.openqa.selenium.TimeoutException: Expected condition failed: waiting for presence of element located by: By.xpath: //textarea[@class=&apos;sc-AxgMl dxZxmV questionName&apos;] (tried for 6 second(s) with 1000 milliseconds interval)
	at org.openqa.selenium.support.ui.FluentWait.timeoutException(FluentWait.java:293)
	at org.openqa.selenium.support.ui.FluentWait.lambda$checkConditionInLoop$2(FluentWait.java:255)
	at java.base/java.util.concurrent.CompletableFuture$AsyncSupply.run(CompletableFuture.java:1700)
	at java.base/java.util.concurrent.CompletableFuture$AsyncSupply.exec(CompletableFuture.java:1692)
	at java.base/java.util.concurrent.ForkJoinTask.doExec(ForkJoinTask.java:290)
	at java.base/java.util.concurrent.ForkJoinPool$WorkQueue.topLevelExec(ForkJoinPool.java:1020)
	at java.base/java.util.concurrent.ForkJoinPool.scan(ForkJoinPool.java:1656)
	at java.base/java.util.concurrent.ForkJoinPool.runWorker(ForkJoinPool.java:1594)
	at java.base/java.util.concurrent.ForkJoinWorkerThread.run(ForkJoinWorkerThread.java:177)
Caused by: org.openqa.selenium.NoSuchElementException: no such element: Unable to locate element: {&quot;method&quot;:&quot;xpath&quot;,&quot;selector&quot;:&quot;//textarea[@class=&apos;sc-AxgMl dxZxmV questionName&apos;]&quot;}
  (Session info: headless chrome=86.0.4240.198)
For documentation on this error, please visit: https://selenium.dev/exceptions/#no_such_element
Build info: version: &apos;4.0.0-alpha-6&apos;, revision: &apos;5f43a29cfc&apos;
System info: host: &apos;Emilianos-Mini.localdomain&apos;, ip: &apos;192.168.1.37&apos;, os.name: &apos;Mac OS X&apos;, os.arch: &apos;x86_64&apos;, os.version: &apos;10.15.7&apos;, java.version: &apos;11.0.7&apos;
Driver info: org.openqa.selenium.chrome.ChromeDriver
Capabilities {acceptInsecureCerts: false, browserName: chrome, browserVersion: 86.0.4240.198, chrome: {chromedriverVersion: 86.0.4240.22 (398b0743353ff..., userDataDir: /var/folders/0m/gb7z83vd0cj...}, goog:chromeOptions: {debuggerAddress: localhost:54921}, javascriptEnabled: true, networkConnectionEnabled: false, pageLoadStrategy: normal, platform: MAC, platformName: MAC, proxy: Proxy(), setWindowRect: true, strictFileInteractability: false, timeouts: {implicit: 0, pageLoad: 300000, script: 30000}, unhandledPromptBehavior: dismiss and notify, webauthn:virtualAuthenticators: true}
Session ID: 123580026af552945c8d0d4e5dfbbba0
*** Element info: {Using=xpath, value=//textarea[@class=&apos;sc-AxgMl dxZxmV questionName&apos;]}
	at org.openqa.selenium.remote.codec.w3c.W3CHttpResponseCodec.createException(W3CHttpResponseCodec.java:196)
	at org.openqa.selenium.remote.codec.w3c.W3CHttpResponseCodec.decode(W3CHttpResponseCodec.java:129)
	at org.openqa.selenium.remote.codec.w3c.W3CHttpResponseCodec.decode(W3CHttpResponseCodec.java:53)
	at org.openqa.selenium.remote.HttpCommandExecutor.execute(HttpCommandExecutor.java:160)
	at org.openqa.selenium.remote.service.DriverCommandExecutor.execute(DriverCommandExecutor.java:83)
	at org.openqa.selenium.remote.RemoteWebDriver.execute(RemoteWebDriver.java:582)
	at org.openqa.selenium.remote.RemoteWebDriver.findElement(RemoteWebDriver.java:333)
	at org.openqa.selenium.remote.RemoteWebDriver.findElementByXPath(RemoteWebDriver.java:451)
	at org.openqa.selenium.By$ByXPath.findElement(By.java:394)
	at org.openqa.selenium.remote.RemoteWebDriver.findElement(RemoteWebDriver.java:325)
	at org.openqa.selenium.support.ui.ExpectedConditions$6.apply(ExpectedConditions.java:182)
	at org.openqa.selenium.support.ui.ExpectedConditions$6.apply(ExpectedConditions.java:179)
	at org.openqa.selenium.support.ui.FluentWait.lambda$checkConditionInLoop$2(FluentWait.java:233)
	... 7 more
... Removed 3 stack frames</pre></div><a href='#' onClick='toggleBox("stack-trace1717739363", this, "Click to show all stack frames", "Click to hide stack frames")'>Click to show all stack frames</a>
<div class='stack-trace' id='stack-trace1717739363'><pre>org.openqa.selenium.TimeoutException: Expected condition failed: waiting for presence of element located by: By.xpath: //textarea[@class=&apos;sc-AxgMl dxZxmV questionName&apos;] (tried for 6 second(s) with 1000 milliseconds interval)
	at org.openqa.selenium.support.ui.FluentWait.timeoutException(FluentWait.java:293)
	at org.openqa.selenium.support.ui.FluentWait.lambda$checkConditionInLoop$2(FluentWait.java:255)
	at java.base/java.util.concurrent.CompletableFuture$AsyncSupply.run(CompletableFuture.java:1700)
	at java.base/java.util.concurrent.CompletableFuture$AsyncSupply.exec(CompletableFuture.java:1692)
	at java.base/java.util.concurrent.ForkJoinTask.doExec(ForkJoinTask.java:290)
	at java.base/java.util.concurrent.ForkJoinPool$WorkQueue.topLevelExec(ForkJoinPool.java:1020)
	at java.base/java.util.concurrent.ForkJoinPool.scan(ForkJoinPool.java:1656)
	at java.base/java.util.concurrent.ForkJoinPool.runWorker(ForkJoinPool.java:1594)
	at java.base/java.util.concurrent.ForkJoinWorkerThread.run(ForkJoinWorkerThread.java:177)
Caused by: org.openqa.selenium.NoSuchElementException: no such element: Unable to locate element: {&quot;method&quot;:&quot;xpath&quot;,&quot;selector&quot;:&quot;//textarea[@class=&apos;sc-AxgMl dxZxmV questionName&apos;]&quot;}
  (Session info: headless chrome=86.0.4240.198)
For documentation on this error, please visit: https://selenium.dev/exceptions/#no_such_element
Build info: version: &apos;4.0.0-alpha-6&apos;, revision: &apos;5f43a29cfc&apos;
System info: host: &apos;Emilianos-Mini.localdomain&apos;, ip: &apos;192.168.1.37&apos;, os.name: &apos;Mac OS X&apos;, os.arch: &apos;x86_64&apos;, os.version: &apos;10.15.7&apos;, java.version: &apos;11.0.7&apos;
Driver info: org.openqa.selenium.chrome.ChromeDriver
Capabilities {acceptInsecureCerts: false, browserName: chrome, browserVersion: 86.0.4240.198, chrome: {chromedriverVersion: 86.0.4240.22 (398b0743353ff..., userDataDir: /var/folders/0m/gb7z83vd0cj...}, goog:chromeOptions: {debuggerAddress: localhost:54921}, javascriptEnabled: true, networkConnectionEnabled: false, pageLoadStrategy: normal, platform: MAC, platformName: MAC, proxy: Proxy(), setWindowRect: true, strictFileInteractability: false, timeouts: {implicit: 0, pageLoad: 300000, script: 30000}, unhandledPromptBehavior: dismiss and notify, webauthn:virtualAuthenticators: true}
Session ID: 123580026af552945c8d0d4e5dfbbba0
*** Element info: {Using=xpath, value=//textarea[@class=&apos;sc-AxgMl dxZxmV questionName&apos;]}
	at jdk.internal.reflect.GeneratedConstructorAccessor14.newInstance(Unknown Source)
	at java.base/jdk.internal.reflect.DelegatingConstructorAccessorImpl.newInstance(DelegatingConstructorAccessorImpl.java:45)
	at java.base/java.lang.reflect.Constructor.newInstance(Constructor.java:490)
	at org.openqa.selenium.remote.codec.w3c.W3CHttpResponseCodec.createException(W3CHttpResponseCodec.java:196)
	at org.openqa.selenium.remote.codec.w3c.W3CHttpResponseCodec.decode(W3CHttpResponseCodec.java:129)
	at org.openqa.selenium.remote.codec.w3c.W3CHttpResponseCodec.decode(W3CHttpResponseCodec.java:53)
	at org.openqa.selenium.remote.HttpCommandExecutor.execute(HttpCommandExecutor.java:160)
	at org.openqa.selenium.remote.service.DriverCommandExecutor.execute(DriverCommandExecutor.java:83)
	at org.openqa.selenium.remote.RemoteWebDriver.execute(RemoteWebDriver.java:582)
	at org.openqa.selenium.remote.RemoteWebDriver.findElement(RemoteWebDriver.java:333)
	at org.openqa.selenium.remote.RemoteWebDriver.findElementByXPath(RemoteWebDriver.java:451)
	at org.openqa.selenium.By$ByXPath.findElement(By.java:394)
	at org.openqa.selenium.remote.RemoteWebDriver.findElement(RemoteWebDriver.java:325)
	at org.openqa.selenium.support.ui.ExpectedConditions$6.apply(ExpectedConditions.java:182)
	at org.openqa.selenium.support.ui.ExpectedConditions$6.apply(ExpectedConditions.java:179)
	at org.openqa.selenium.support.ui.FluentWait.lambda$checkConditionInLoop$2(FluentWait.java:233)
	... 7 more
</pre></div></td>
<td>29</td>
<td>org.example.SurveyPageTestCases@72bd06ca</td></tr>
<tr>
<td title='org.example.SurveyPageTestCases.addAContactTypeQuestionWithSubtypeEmailWithDescription()'><b>addAContactTypeQuestionWithSubtypeEmailWithDescription</b><br>Test class: org.example.SurveyPageTestCases</td>
<td><div><pre>java.lang.ClassCastException: class org.example.SurveyPageTestCases cannot be cast to class org.example.LoginPageCases (org.example.SurveyPageTestCases and org.example.LoginPageCases are in unnamed module of loader &apos;app&apos;)
	at org.example.Listeners.onTestFailure(Listeners.java:54)
	at java.base/java.util.concurrent.ThreadPoolExecutor.runWorker(ThreadPoolExecutor.java:1128)
	at java.base/java.util.concurrent.ThreadPoolExecutor$Worker.run(ThreadPoolExecutor.java:628)
	at java.base/java.lang.Thread.run(Thread.java:834)
... Removed 9 stack frames</pre></div><a href='#' onClick='toggleBox("stack-trace22446425", this, "Click to show all stack frames", "Click to hide stack frames")'>Click to show all stack frames</a>
<div class='stack-trace' id='stack-trace22446425'><pre>java.lang.ClassCastException: class org.example.SurveyPageTestCases cannot be cast to class org.example.LoginPageCases (org.example.SurveyPageTestCases and org.example.LoginPageCases are in unnamed module of loader &apos;app&apos;)
	at org.example.Listeners.onTestFailure(Listeners.java:54)
	at org.testng.internal.TestListenerHelper.runTestListeners(TestListenerHelper.java:66)
	at org.testng.internal.TestInvoker.runTestResultListener(TestInvoker.java:219)
	at org.testng.internal.TestInvoker.invokeMethod(TestInvoker.java:651)
	at org.testng.internal.TestInvoker.invokeTestMethod(TestInvoker.java:173)
	at org.testng.internal.MethodRunner.runInSequence(MethodRunner.java:46)
	at org.testng.internal.TestInvoker$MethodInvocationAgent.invoke(TestInvoker.java:816)
	at org.testng.internal.TestInvoker.invokeTestMethods(TestInvoker.java:146)
	at org.testng.internal.TestMethodWorker.invokeTestMethods(TestMethodWorker.java:146)
	at org.testng.internal.TestMethodWorker.run(TestMethodWorker.java:128)
	at java.base/java.util.concurrent.ThreadPoolExecutor.runWorker(ThreadPoolExecutor.java:1128)
	at java.base/java.util.concurrent.ThreadPoolExecutor$Worker.run(ThreadPoolExecutor.java:628)
	at java.base/java.lang.Thread.run(Thread.java:834)
</pre></div></td>
<td>30</td>
<td>org.example.SurveyPageTestCases@72bd06ca</td></tr>
<tr>
<td title='org.example.SurveyPageTestCases.editTitleQuestionFacesType()'><b>editTitleQuestionFacesType</b><br>Test class: org.example.SurveyPageTestCases</td>
<td><div><pre>org.openqa.selenium.TimeoutException: Expected condition failed: waiting for presence of element located by: By.xpath: //body/div[@id=&apos;root&apos;]/div[1]/div[2]/div[3]/table[1]/tbody[1]/tr (tried for 6 second(s) with 1000 milliseconds interval)
	at org.openqa.selenium.support.ui.FluentWait.timeoutException(FluentWait.java:293)
	at org.openqa.selenium.support.ui.FluentWait.lambda$checkConditionInLoop$2(FluentWait.java:255)
	at java.base/java.util.concurrent.CompletableFuture$AsyncSupply.run(CompletableFuture.java:1700)
	at java.base/java.util.concurrent.CompletableFuture$AsyncSupply.exec(CompletableFuture.java:1692)
	at java.base/java.util.concurrent.ForkJoinTask.doExec(ForkJoinTask.java:290)
	at java.base/java.util.concurrent.ForkJoinPool$WorkQueue.topLevelExec(ForkJoinPool.java:1020)
	at java.base/java.util.concurrent.ForkJoinPool.scan(ForkJoinPool.java:1656)
	at java.base/java.util.concurrent.ForkJoinPool.runWorker(ForkJoinPool.java:1594)
	at java.base/java.util.concurrent.ForkJoinWorkerThread.run(ForkJoinWorkerThread.java:177)
Caused by: org.openqa.selenium.NoSuchElementException: no such element: Unable to locate element: {&quot;method&quot;:&quot;xpath&quot;,&quot;selector&quot;:&quot;//body/div[@id=&apos;root&apos;]/div[1]/div[2]/div[3]/table[1]/tbody[1]/tr&quot;}
  (Session info: headless chrome=86.0.4240.198)
For documentation on this error, please visit: https://selenium.dev/exceptions/#no_such_element
Build info: version: &apos;4.0.0-alpha-6&apos;, revision: &apos;5f43a29cfc&apos;
System info: host: &apos;Emilianos-Mini.localdomain&apos;, ip: &apos;192.168.1.37&apos;, os.name: &apos;Mac OS X&apos;, os.arch: &apos;x86_64&apos;, os.version: &apos;10.15.7&apos;, java.version: &apos;11.0.7&apos;
Driver info: org.openqa.selenium.chrome.ChromeDriver
Capabilities {acceptInsecureCerts: false, browserName: chrome, browserVersion: 86.0.4240.198, chrome: {chromedriverVersion: 86.0.4240.22 (398b0743353ff..., userDataDir: /var/folders/0m/gb7z83vd0cj...}, goog:chromeOptions: {debuggerAddress: localhost:55491}, javascriptEnabled: true, networkConnectionEnabled: false, pageLoadStrategy: normal, platform: MAC, platformName: MAC, proxy: Proxy(), setWindowRect: true, strictFileInteractability: false, timeouts: {implicit: 0, pageLoad: 300000, script: 30000}, unhandledPromptBehavior: dismiss and notify, webauthn:virtualAuthenticators: true}
Session ID: b5f67b85a4cf690ac378ebb34162b07a
*** Element info: {Using=xpath, value=//body/div[@id=&apos;root&apos;]/div[1]/div[2]/div[3]/table[1]/tbody[1]/tr}
	at org.openqa.selenium.remote.codec.w3c.W3CHttpResponseCodec.createException(W3CHttpResponseCodec.java:196)
	at org.openqa.selenium.remote.codec.w3c.W3CHttpResponseCodec.decode(W3CHttpResponseCodec.java:129)
	at org.openqa.selenium.remote.codec.w3c.W3CHttpResponseCodec.decode(W3CHttpResponseCodec.java:53)
	at org.openqa.selenium.remote.HttpCommandExecutor.execute(HttpCommandExecutor.java:160)
	at org.openqa.selenium.remote.service.DriverCommandExecutor.execute(DriverCommandExecutor.java:83)
	at org.openqa.selenium.remote.RemoteWebDriver.execute(RemoteWebDriver.java:582)
	at org.openqa.selenium.remote.RemoteWebDriver.findElement(RemoteWebDriver.java:333)
	at org.openqa.selenium.remote.RemoteWebDriver.findElementByXPath(RemoteWebDriver.java:451)
	at org.openqa.selenium.By$ByXPath.findElement(By.java:394)
	at org.openqa.selenium.remote.RemoteWebDriver.findElement(RemoteWebDriver.java:325)
	at org.openqa.selenium.support.ui.ExpectedConditions$6.apply(ExpectedConditions.java:182)
	at org.openqa.selenium.support.ui.ExpectedConditions$6.apply(ExpectedConditions.java:179)
	at org.openqa.selenium.support.ui.FluentWait.lambda$checkConditionInLoop$2(FluentWait.java:233)
	... 7 more
... Removed 3 stack frames</pre></div><a href='#' onClick='toggleBox("stack-trace1870723838", this, "Click to show all stack frames", "Click to hide stack frames")'>Click to show all stack frames</a>
<div class='stack-trace' id='stack-trace1870723838'><pre>org.openqa.selenium.TimeoutException: Expected condition failed: waiting for presence of element located by: By.xpath: //body/div[@id=&apos;root&apos;]/div[1]/div[2]/div[3]/table[1]/tbody[1]/tr (tried for 6 second(s) with 1000 milliseconds interval)
	at org.openqa.selenium.support.ui.FluentWait.timeoutException(FluentWait.java:293)
	at org.openqa.selenium.support.ui.FluentWait.lambda$checkConditionInLoop$2(FluentWait.java:255)
	at java.base/java.util.concurrent.CompletableFuture$AsyncSupply.run(CompletableFuture.java:1700)
	at java.base/java.util.concurrent.CompletableFuture$AsyncSupply.exec(CompletableFuture.java:1692)
	at java.base/java.util.concurrent.ForkJoinTask.doExec(ForkJoinTask.java:290)
	at java.base/java.util.concurrent.ForkJoinPool$WorkQueue.topLevelExec(ForkJoinPool.java:1020)
	at java.base/java.util.concurrent.ForkJoinPool.scan(ForkJoinPool.java:1656)
	at java.base/java.util.concurrent.ForkJoinPool.runWorker(ForkJoinPool.java:1594)
	at java.base/java.util.concurrent.ForkJoinWorkerThread.run(ForkJoinWorkerThread.java:177)
Caused by: org.openqa.selenium.NoSuchElementException: no such element: Unable to locate element: {&quot;method&quot;:&quot;xpath&quot;,&quot;selector&quot;:&quot;//body/div[@id=&apos;root&apos;]/div[1]/div[2]/div[3]/table[1]/tbody[1]/tr&quot;}
  (Session info: headless chrome=86.0.4240.198)
For documentation on this error, please visit: https://selenium.dev/exceptions/#no_such_element
Build info: version: &apos;4.0.0-alpha-6&apos;, revision: &apos;5f43a29cfc&apos;
System info: host: &apos;Emilianos-Mini.localdomain&apos;, ip: &apos;192.168.1.37&apos;, os.name: &apos;Mac OS X&apos;, os.arch: &apos;x86_64&apos;, os.version: &apos;10.15.7&apos;, java.version: &apos;11.0.7&apos;
Driver info: org.openqa.selenium.chrome.ChromeDriver
Capabilities {acceptInsecureCerts: false, browserName: chrome, browserVersion: 86.0.4240.198, chrome: {chromedriverVersion: 86.0.4240.22 (398b0743353ff..., userDataDir: /var/folders/0m/gb7z83vd0cj...}, goog:chromeOptions: {debuggerAddress: localhost:55491}, javascriptEnabled: true, networkConnectionEnabled: false, pageLoadStrategy: normal, platform: MAC, platformName: MAC, proxy: Proxy(), setWindowRect: true, strictFileInteractability: false, timeouts: {implicit: 0, pageLoad: 300000, script: 30000}, unhandledPromptBehavior: dismiss and notify, webauthn:virtualAuthenticators: true}
Session ID: b5f67b85a4cf690ac378ebb34162b07a
*** Element info: {Using=xpath, value=//body/div[@id=&apos;root&apos;]/div[1]/div[2]/div[3]/table[1]/tbody[1]/tr}
	at jdk.internal.reflect.GeneratedConstructorAccessor14.newInstance(Unknown Source)
	at java.base/jdk.internal.reflect.DelegatingConstructorAccessorImpl.newInstance(DelegatingConstructorAccessorImpl.java:45)
	at java.base/java.lang.reflect.Constructor.newInstance(Constructor.java:490)
	at org.openqa.selenium.remote.codec.w3c.W3CHttpResponseCodec.createException(W3CHttpResponseCodec.java:196)
	at org.openqa.selenium.remote.codec.w3c.W3CHttpResponseCodec.decode(W3CHttpResponseCodec.java:129)
	at org.openqa.selenium.remote.codec.w3c.W3CHttpResponseCodec.decode(W3CHttpResponseCodec.java:53)
	at org.openqa.selenium.remote.HttpCommandExecutor.execute(HttpCommandExecutor.java:160)
	at org.openqa.selenium.remote.service.DriverCommandExecutor.execute(DriverCommandExecutor.java:83)
	at org.openqa.selenium.remote.RemoteWebDriver.execute(RemoteWebDriver.java:582)
	at org.openqa.selenium.remote.RemoteWebDriver.findElement(RemoteWebDriver.java:333)
	at org.openqa.selenium.remote.RemoteWebDriver.findElementByXPath(RemoteWebDriver.java:451)
	at org.openqa.selenium.By$ByXPath.findElement(By.java:394)
	at org.openqa.selenium.remote.RemoteWebDriver.findElement(RemoteWebDriver.java:325)
	at org.openqa.selenium.support.ui.ExpectedConditions$6.apply(ExpectedConditions.java:182)
	at org.openqa.selenium.support.ui.ExpectedConditions$6.apply(ExpectedConditions.java:179)
	at org.openqa.selenium.support.ui.FluentWait.lambda$checkConditionInLoop$2(FluentWait.java:233)
	... 7 more
</pre></div></td>
<td>25</td>
<td>org.example.SurveyPageTestCases@72bd06ca</td></tr>
<tr>
<td title='org.example.SurveyPageTestCases.editTitleQuestionFacesType()'><b>editTitleQuestionFacesType</b><br>Test class: org.example.SurveyPageTestCases</td>
<td><div><pre>java.lang.ClassCastException: class org.example.SurveyPageTestCases cannot be cast to class org.example.LoginPageCases (org.example.SurveyPageTestCases and org.example.LoginPageCases are in unnamed module of loader &apos;app&apos;)
	at org.example.Listeners.onTestFailure(Listeners.java:54)
	at java.base/java.util.concurrent.ThreadPoolExecutor.runWorker(ThreadPoolExecutor.java:1128)
	at java.base/java.util.concurrent.ThreadPoolExecutor$Worker.run(ThreadPoolExecutor.java:628)
	at java.base/java.lang.Thread.run(Thread.java:834)
... Removed 9 stack frames</pre></div><a href='#' onClick='toggleBox("stack-trace938613108", this, "Click to show all stack frames", "Click to hide stack frames")'>Click to show all stack frames</a>
<div class='stack-trace' id='stack-trace938613108'><pre>java.lang.ClassCastException: class org.example.SurveyPageTestCases cannot be cast to class org.example.LoginPageCases (org.example.SurveyPageTestCases and org.example.LoginPageCases are in unnamed module of loader &apos;app&apos;)
	at org.example.Listeners.onTestFailure(Listeners.java:54)
	at org.testng.internal.TestListenerHelper.runTestListeners(TestListenerHelper.java:66)
	at org.testng.internal.TestInvoker.runTestResultListener(TestInvoker.java:219)
	at org.testng.internal.TestInvoker.invokeMethod(TestInvoker.java:651)
	at org.testng.internal.TestInvoker.invokeTestMethod(TestInvoker.java:173)
	at org.testng.internal.MethodRunner.runInSequence(MethodRunner.java:46)
	at org.testng.internal.TestInvoker$MethodInvocationAgent.invoke(TestInvoker.java:816)
	at org.testng.internal.TestInvoker.invokeTestMethods(TestInvoker.java:146)
	at org.testng.internal.TestMethodWorker.invokeTestMethods(TestMethodWorker.java:146)
	at org.testng.internal.TestMethodWorker.run(TestMethodWorker.java:128)
	at java.base/java.util.concurrent.ThreadPoolExecutor.runWorker(ThreadPoolExecutor.java:1128)
	at java.base/java.util.concurrent.ThreadPoolExecutor$Worker.run(ThreadPoolExecutor.java:628)
	at java.base/java.lang.Thread.run(Thread.java:834)
</pre></div></td>
<td>26</td>
<td>org.example.SurveyPageTestCases@72bd06ca</td></tr>
<tr>
<td title='org.example.SurveyPageTestCases.editTitleQuestionMultipleOptionType()'><b>editTitleQuestionMultipleOptionType</b><br>Test class: org.example.SurveyPageTestCases</td>
<td><div><pre>java.lang.AssertionError: expected [true] but found [false]
	at pageObjects.SurveyPage.editTitleQuestion(SurveyPage.java:154)
	at org.example.SurveyPageTestCases.editTitleQuestionMultipleOptionType(SurveyPageTestCases.java:271)
	at java.base/java.util.concurrent.ThreadPoolExecutor.runWorker(ThreadPoolExecutor.java:1128)
	at java.base/java.util.concurrent.ThreadPoolExecutor$Worker.run(ThreadPoolExecutor.java:628)
	at java.base/java.lang.Thread.run(Thread.java:834)
... Removed 16 stack frames</pre></div><a href='#' onClick='toggleBox("stack-trace1850874910", this, "Click to show all stack frames", "Click to hide stack frames")'>Click to show all stack frames</a>
<div class='stack-trace' id='stack-trace1850874910'><pre>java.lang.AssertionError: expected [true] but found [false]
	at org.testng.Assert.fail(Assert.java:97)
	at org.testng.Assert.failNotEquals(Assert.java:969)
	at org.testng.Assert.assertTrue(Assert.java:43)
	at org.testng.Assert.assertTrue(Assert.java:53)
	at pageObjects.SurveyPage.editTitleQuestion(SurveyPage.java:154)
	at org.example.SurveyPageTestCases.editTitleQuestionMultipleOptionType(SurveyPageTestCases.java:271)
	at java.base/jdk.internal.reflect.NativeMethodAccessorImpl.invoke0(Native Method)
	at java.base/jdk.internal.reflect.NativeMethodAccessorImpl.invoke(NativeMethodAccessorImpl.java:62)
	at java.base/jdk.internal.reflect.DelegatingMethodAccessorImpl.invoke(DelegatingMethodAccessorImpl.java:43)
	at java.base/java.lang.reflect.Method.invoke(Method.java:566)
	at org.testng.internal.MethodInvocationHelper.invokeMethod(MethodInvocationHelper.java:134)
	at org.testng.internal.TestInvoker.invokeMethod(TestInvoker.java:597)
	at org.testng.internal.TestInvoker.invokeTestMethod(TestInvoker.java:173)
	at org.testng.internal.MethodRunner.runInSequence(MethodRunner.java:46)
	at org.testng.internal.TestInvoker$MethodInvocationAgent.invoke(TestInvoker.java:816)
	at org.testng.internal.TestInvoker.invokeTestMethods(TestInvoker.java:146)
	at org.testng.internal.TestMethodWorker.invokeTestMethods(TestMethodWorker.java:146)
	at org.testng.internal.TestMethodWorker.run(TestMethodWorker.java:128)
	at java.base/java.util.concurrent.ThreadPoolExecutor.runWorker(ThreadPoolExecutor.java:1128)
	at java.base/java.util.concurrent.ThreadPoolExecutor$Worker.run(ThreadPoolExecutor.java:628)
	at java.base/java.lang.Thread.run(Thread.java:834)
</pre></div></td>
<td>25</td>
<td>org.example.SurveyPageTestCases@72bd06ca</td></tr>
<tr>
<td title='org.example.SurveyPageTestCases.editTitleQuestionMultipleOptionType()'><b>editTitleQuestionMultipleOptionType</b><br>Test class: org.example.SurveyPageTestCases</td>
<td><div><pre>java.lang.ClassCastException: class org.example.SurveyPageTestCases cannot be cast to class org.example.LoginPageCases (org.example.SurveyPageTestCases and org.example.LoginPageCases are in unnamed module of loader &apos;app&apos;)
	at org.example.Listeners.onTestFailure(Listeners.java:54)
	at java.base/java.util.concurrent.ThreadPoolExecutor.runWorker(ThreadPoolExecutor.java:1128)
	at java.base/java.util.concurrent.ThreadPoolExecutor$Worker.run(ThreadPoolExecutor.java:628)
	at java.base/java.lang.Thread.run(Thread.java:834)
... Removed 9 stack frames</pre></div><a href='#' onClick='toggleBox("stack-trace97901029", this, "Click to show all stack frames", "Click to hide stack frames")'>Click to show all stack frames</a>
<div class='stack-trace' id='stack-trace97901029'><pre>java.lang.ClassCastException: class org.example.SurveyPageTestCases cannot be cast to class org.example.LoginPageCases (org.example.SurveyPageTestCases and org.example.LoginPageCases are in unnamed module of loader &apos;app&apos;)
	at org.example.Listeners.onTestFailure(Listeners.java:54)
	at org.testng.internal.TestListenerHelper.runTestListeners(TestListenerHelper.java:66)
	at org.testng.internal.TestInvoker.runTestResultListener(TestInvoker.java:219)
	at org.testng.internal.TestInvoker.invokeMethod(TestInvoker.java:651)
	at org.testng.internal.TestInvoker.invokeTestMethod(TestInvoker.java:173)
	at org.testng.internal.MethodRunner.runInSequence(MethodRunner.java:46)
	at org.testng.internal.TestInvoker$MethodInvocationAgent.invoke(TestInvoker.java:816)
	at org.testng.internal.TestInvoker.invokeTestMethods(TestInvoker.java:146)
	at org.testng.internal.TestMethodWorker.invokeTestMethods(TestMethodWorker.java:146)
	at org.testng.internal.TestMethodWorker.run(TestMethodWorker.java:128)
	at java.base/java.util.concurrent.ThreadPoolExecutor.runWorker(ThreadPoolExecutor.java:1128)
	at java.base/java.util.concurrent.ThreadPoolExecutor$Worker.run(ThreadPoolExecutor.java:628)
	at java.base/java.lang.Thread.run(Thread.java:834)
</pre></div></td>
<td>26</td>
<td>org.example.SurveyPageTestCases@72bd06ca</td></tr>
<tr>
<td title='org.example.InfoUserTestCases.seeMyUserInfo()'><b>seeMyUserInfo</b><br>Test class: org.example.InfoUserTestCases</td>
<td><div><pre>java.lang.AssertionError: expected [true] but found [false]
	at org.example.InfoUserTestCases.seeMyUserInfo(InfoUserTestCases.java:26)
	at java.base/java.util.concurrent.ThreadPoolExecutor.runWorker(ThreadPoolExecutor.java:1128)
	at java.base/java.util.concurrent.ThreadPoolExecutor$Worker.run(ThreadPoolExecutor.java:628)
	at java.base/java.lang.Thread.run(Thread.java:834)
... Removed 16 stack frames</pre></div><a href='#' onClick='toggleBox("stack-trace1324514662", this, "Click to show all stack frames", "Click to hide stack frames")'>Click to show all stack frames</a>
<div class='stack-trace' id='stack-trace1324514662'><pre>java.lang.AssertionError: expected [true] but found [false]
	at org.testng.Assert.fail(Assert.java:97)
	at org.testng.Assert.failNotEquals(Assert.java:969)
	at org.testng.Assert.assertTrue(Assert.java:43)
	at org.testng.Assert.assertTrue(Assert.java:53)
	at org.example.InfoUserTestCases.seeMyUserInfo(InfoUserTestCases.java:26)
	at java.base/jdk.internal.reflect.NativeMethodAccessorImpl.invoke0(Native Method)
	at java.base/jdk.internal.reflect.NativeMethodAccessorImpl.invoke(NativeMethodAccessorImpl.java:62)
	at java.base/jdk.internal.reflect.DelegatingMethodAccessorImpl.invoke(DelegatingMethodAccessorImpl.java:43)
	at java.base/java.lang.reflect.Method.invoke(Method.java:566)
	at org.testng.internal.MethodInvocationHelper.invokeMethod(MethodInvocationHelper.java:134)
	at org.testng.internal.TestInvoker.invokeMethod(TestInvoker.java:597)
	at org.testng.internal.TestInvoker.invokeTestMethod(TestInvoker.java:173)
	at org.testng.internal.MethodRunner.runInSequence(MethodRunner.java:46)
	at org.testng.internal.TestInvoker$MethodInvocationAgent.invoke(TestInvoker.java:816)
	at org.testng.internal.TestInvoker.invokeTestMethods(TestInvoker.java:146)
	at org.testng.internal.TestMethodWorker.invokeTestMethods(TestMethodWorker.java:146)
	at org.testng.internal.TestMethodWorker.run(TestMethodWorker.java:128)
	at java.base/java.util.concurrent.ThreadPoolExecutor.runWorker(ThreadPoolExecutor.java:1128)
	at java.base/java.util.concurrent.ThreadPoolExecutor$Worker.run(ThreadPoolExecutor.java:628)
	at java.base/java.lang.Thread.run(Thread.java:834)
</pre></div></td>
<td>33</td>
<td>org.example.InfoUserTestCases@625e134e</td></tr>
<tr>
<td title='org.example.InfoUserTestCases.seeMyUserInfo()'><b>seeMyUserInfo</b><br>Test class: org.example.InfoUserTestCases</td>
<td><div><pre>java.lang.ClassCastException: class org.example.InfoUserTestCases cannot be cast to class org.example.LoginPageCases (org.example.InfoUserTestCases and org.example.LoginPageCases are in unnamed module of loader &apos;app&apos;)
	at org.example.Listeners.onTestFailure(Listeners.java:54)
	at java.base/java.util.concurrent.ThreadPoolExecutor.runWorker(ThreadPoolExecutor.java:1128)
	at java.base/java.util.concurrent.ThreadPoolExecutor$Worker.run(ThreadPoolExecutor.java:628)
	at java.base/java.lang.Thread.run(Thread.java:834)
... Removed 9 stack frames</pre></div><a href='#' onClick='toggleBox("stack-trace496757837", this, "Click to show all stack frames", "Click to hide stack frames")'>Click to show all stack frames</a>
<div class='stack-trace' id='stack-trace496757837'><pre>java.lang.ClassCastException: class org.example.InfoUserTestCases cannot be cast to class org.example.LoginPageCases (org.example.InfoUserTestCases and org.example.LoginPageCases are in unnamed module of loader &apos;app&apos;)
	at org.example.Listeners.onTestFailure(Listeners.java:54)
	at org.testng.internal.TestListenerHelper.runTestListeners(TestListenerHelper.java:66)
	at org.testng.internal.TestInvoker.runTestResultListener(TestInvoker.java:219)
	at org.testng.internal.TestInvoker.invokeMethod(TestInvoker.java:651)
	at org.testng.internal.TestInvoker.invokeTestMethod(TestInvoker.java:173)
	at org.testng.internal.MethodRunner.runInSequence(MethodRunner.java:46)
	at org.testng.internal.TestInvoker$MethodInvocationAgent.invoke(TestInvoker.java:816)
	at org.testng.internal.TestInvoker.invokeTestMethods(TestInvoker.java:146)
	at org.testng.internal.TestMethodWorker.invokeTestMethods(TestMethodWorker.java:146)
	at org.testng.internal.TestMethodWorker.run(TestMethodWorker.java:128)
	at java.base/java.util.concurrent.ThreadPoolExecutor.runWorker(ThreadPoolExecutor.java:1128)
	at java.base/java.util.concurrent.ThreadPoolExecutor$Worker.run(ThreadPoolExecutor.java:628)
	at java.base/java.lang.Thread.run(Thread.java:834)
</pre></div></td>
<td>34</td>
<td>org.example.InfoUserTestCases@625e134e</td></tr>
<tr>
<td title='org.example.LoginPageCases.validateLoginFlow()'><b>validateLoginFlow</b><br>Test class: org.example.LoginPageCases</td>
<td><div><pre>org.openqa.selenium.TimeoutException: Expected condition failed: waiting for presence of element located by: By.xpath: //body/div[@id=&apos;root&apos;]/div[1]/div[2]/label[1] (tried for 6 second(s) with 1000 milliseconds interval)
	at org.openqa.selenium.support.ui.FluentWait.timeoutException(FluentWait.java:293)
	at org.openqa.selenium.support.ui.FluentWait.lambda$checkConditionInLoop$2(FluentWait.java:255)
	at java.base/java.util.concurrent.CompletableFuture$AsyncSupply.run(CompletableFuture.java:1700)
	at java.base/java.util.concurrent.CompletableFuture$AsyncSupply.exec(CompletableFuture.java:1692)
	at java.base/java.util.concurrent.ForkJoinTask.doExec(ForkJoinTask.java:290)
	at java.base/java.util.concurrent.ForkJoinPool$WorkQueue.topLevelExec(ForkJoinPool.java:1020)
	at java.base/java.util.concurrent.ForkJoinPool.scan(ForkJoinPool.java:1656)
	at java.base/java.util.concurrent.ForkJoinPool.runWorker(ForkJoinPool.java:1594)
	at java.base/java.util.concurrent.ForkJoinWorkerThread.run(ForkJoinWorkerThread.java:177)
Caused by: org.openqa.selenium.NoSuchElementException: no such element: Unable to locate element: {&quot;method&quot;:&quot;xpath&quot;,&quot;selector&quot;:&quot;//body/div[@id=&apos;root&apos;]/div[1]/div[2]/label[1]&quot;}
  (Session info: headless chrome=86.0.4240.198)
For documentation on this error, please visit: https://selenium.dev/exceptions/#no_such_element
Build info: version: &apos;4.0.0-alpha-6&apos;, revision: &apos;5f43a29cfc&apos;
System info: host: &apos;Emilianos-Mini.localdomain&apos;, ip: &apos;192.168.1.37&apos;, os.name: &apos;Mac OS X&apos;, os.arch: &apos;x86_64&apos;, os.version: &apos;10.15.7&apos;, java.version: &apos;11.0.7&apos;
Driver info: org.openqa.selenium.chrome.ChromeDriver
Capabilities {acceptInsecureCerts: false, browserName: chrome, browserVersion: 86.0.4240.198, chrome: {chromedriverVersion: 86.0.4240.22 (398b0743353ff..., userDataDir: /var/folders/0m/gb7z83vd0cj...}, goog:chromeOptions: {debuggerAddress: localhost:54420}, javascriptEnabled: true, networkConnectionEnabled: false, pageLoadStrategy: normal, platform: MAC, platformName: MAC, proxy: Proxy(), setWindowRect: true, strictFileInteractability: false, timeouts: {implicit: 0, pageLoad: 300000, script: 30000}, unhandledPromptBehavior: dismiss and notify, webauthn:virtualAuthenticators: true}
Session ID: a7574aaac93cf07687c9b3750d9295be
*** Element info: {Using=xpath, value=//body/div[@id=&apos;root&apos;]/div[1]/div[2]/label[1]}
	at org.openqa.selenium.remote.codec.w3c.W3CHttpResponseCodec.createException(W3CHttpResponseCodec.java:196)
	at org.openqa.selenium.remote.codec.w3c.W3CHttpResponseCodec.decode(W3CHttpResponseCodec.java:129)
	at org.openqa.selenium.remote.codec.w3c.W3CHttpResponseCodec.decode(W3CHttpResponseCodec.java:53)
	at org.openqa.selenium.remote.HttpCommandExecutor.execute(HttpCommandExecutor.java:160)
	at org.openqa.selenium.remote.service.DriverCommandExecutor.execute(DriverCommandExecutor.java:83)
	at org.openqa.selenium.remote.RemoteWebDriver.execute(RemoteWebDriver.java:582)
	at org.openqa.selenium.remote.RemoteWebDriver.findElement(RemoteWebDriver.java:333)
	at org.openqa.selenium.remote.RemoteWebDriver.findElementByXPath(RemoteWebDriver.java:451)
	at org.openqa.selenium.By$ByXPath.findElement(By.java:394)
	at org.openqa.selenium.remote.RemoteWebDriver.findElement(RemoteWebDriver.java:325)
	at org.openqa.selenium.support.ui.ExpectedConditions$6.apply(ExpectedConditions.java:182)
	at org.openqa.selenium.support.ui.ExpectedConditions$6.apply(ExpectedConditions.java:179)
	at org.openqa.selenium.support.ui.FluentWait.lambda$checkConditionInLoop$2(FluentWait.java:233)
	... 7 more
... Removed 3 stack frames</pre></div><a href='#' onClick='toggleBox("stack-trace374471797", this, "Click to show all stack frames", "Click to hide stack frames")'>Click to show all stack frames</a>
<div class='stack-trace' id='stack-trace374471797'><pre>org.openqa.selenium.TimeoutException: Expected condition failed: waiting for presence of element located by: By.xpath: //body/div[@id=&apos;root&apos;]/div[1]/div[2]/label[1] (tried for 6 second(s) with 1000 milliseconds interval)
	at org.openqa.selenium.support.ui.FluentWait.timeoutException(FluentWait.java:293)
	at org.openqa.selenium.support.ui.FluentWait.lambda$checkConditionInLoop$2(FluentWait.java:255)
	at java.base/java.util.concurrent.CompletableFuture$AsyncSupply.run(CompletableFuture.java:1700)
	at java.base/java.util.concurrent.CompletableFuture$AsyncSupply.exec(CompletableFuture.java:1692)
	at java.base/java.util.concurrent.ForkJoinTask.doExec(ForkJoinTask.java:290)
	at java.base/java.util.concurrent.ForkJoinPool$WorkQueue.topLevelExec(ForkJoinPool.java:1020)
	at java.base/java.util.concurrent.ForkJoinPool.scan(ForkJoinPool.java:1656)
	at java.base/java.util.concurrent.ForkJoinPool.runWorker(ForkJoinPool.java:1594)
	at java.base/java.util.concurrent.ForkJoinWorkerThread.run(ForkJoinWorkerThread.java:177)
Caused by: org.openqa.selenium.NoSuchElementException: no such element: Unable to locate element: {&quot;method&quot;:&quot;xpath&quot;,&quot;selector&quot;:&quot;//body/div[@id=&apos;root&apos;]/div[1]/div[2]/label[1]&quot;}
  (Session info: headless chrome=86.0.4240.198)
For documentation on this error, please visit: https://selenium.dev/exceptions/#no_such_element
Build info: version: &apos;4.0.0-alpha-6&apos;, revision: &apos;5f43a29cfc&apos;
System info: host: &apos;Emilianos-Mini.localdomain&apos;, ip: &apos;192.168.1.37&apos;, os.name: &apos;Mac OS X&apos;, os.arch: &apos;x86_64&apos;, os.version: &apos;10.15.7&apos;, java.version: &apos;11.0.7&apos;
Driver info: org.openqa.selenium.chrome.ChromeDriver
Capabilities {acceptInsecureCerts: false, browserName: chrome, browserVersion: 86.0.4240.198, chrome: {chromedriverVersion: 86.0.4240.22 (398b0743353ff..., userDataDir: /var/folders/0m/gb7z83vd0cj...}, goog:chromeOptions: {debuggerAddress: localhost:54420}, javascriptEnabled: true, networkConnectionEnabled: false, pageLoadStrategy: normal, platform: MAC, platformName: MAC, proxy: Proxy(), setWindowRect: true, strictFileInteractability: false, timeouts: {implicit: 0, pageLoad: 300000, script: 30000}, unhandledPromptBehavior: dismiss and notify, webauthn:virtualAuthenticators: true}
Session ID: a7574aaac93cf07687c9b3750d9295be
*** Element info: {Using=xpath, value=//body/div[@id=&apos;root&apos;]/div[1]/div[2]/label[1]}
	at jdk.internal.reflect.GeneratedConstructorAccessor14.newInstance(Unknown Source)
	at java.base/jdk.internal.reflect.DelegatingConstructorAccessorImpl.newInstance(DelegatingConstructorAccessorImpl.java:45)
	at java.base/java.lang.reflect.Constructor.newInstance(Constructor.java:490)
	at org.openqa.selenium.remote.codec.w3c.W3CHttpResponseCodec.createException(W3CHttpResponseCodec.java:196)
	at org.openqa.selenium.remote.codec.w3c.W3CHttpResponseCodec.decode(W3CHttpResponseCodec.java:129)
	at org.openqa.selenium.remote.codec.w3c.W3CHttpResponseCodec.decode(W3CHttpResponseCodec.java:53)
	at org.openqa.selenium.remote.HttpCommandExecutor.execute(HttpCommandExecutor.java:160)
	at org.openqa.selenium.remote.service.DriverCommandExecutor.execute(DriverCommandExecutor.java:83)
	at org.openqa.selenium.remote.RemoteWebDriver.execute(RemoteWebDriver.java:582)
	at org.openqa.selenium.remote.RemoteWebDriver.findElement(RemoteWebDriver.java:333)
	at org.openqa.selenium.remote.RemoteWebDriver.findElementByXPath(RemoteWebDriver.java:451)
	at org.openqa.selenium.By$ByXPath.findElement(By.java:394)
	at org.openqa.selenium.remote.RemoteWebDriver.findElement(RemoteWebDriver.java:325)
	at org.openqa.selenium.support.ui.ExpectedConditions$6.apply(ExpectedConditions.java:182)
	at org.openqa.selenium.support.ui.ExpectedConditions$6.apply(ExpectedConditions.java:179)
	at org.openqa.selenium.support.ui.FluentWait.lambda$checkConditionInLoop$2(FluentWait.java:233)
	... 7 more
</pre></div></td>
<td>28</td>
<td>org.example.LoginPageCases@7e809b79</td></tr>
</table><p>
<table width='100%' border='1' class='invocation-passed'>
<tr><td colspan='4' align='center'><b>PASSED TESTS</b></td></tr>
<tr><td><b>Test method</b></td>
<td width="30%"><b>Exception</b></td>
<td width="10%"><b>Time (seconds)</b></td>
<td><b>Instance</b></td>
</tr>
<tr>
<td title='org.example.SurveyPageTestCases.addAContactTypeQuestionWithSubtypeEmailWithoutDescription()'><b>addAContactTypeQuestionWithSubtypeEmailWithoutDescription</b><br>Test class: org.example.SurveyPageTestCases</td>
<td></td>
<td>26</td>
<td>org.example.SurveyPageTestCases@72bd06ca</td></tr>
<tr>
<td title='org.example.SurveyPageTestCases.addAContactTypeQuestionWithSubtypeIDWithDescription()'><b>addAContactTypeQuestionWithSubtypeIDWithDescription</b><br>Test class: org.example.SurveyPageTestCases</td>
<td></td>
<td>24</td>
<td>org.example.SurveyPageTestCases@72bd06ca</td></tr>
<tr>
<td title='org.example.SurveyPageTestCases.addAContactTypeQuestionWithSubtypeIDWithoutDescription()'><b>addAContactTypeQuestionWithSubtypeIDWithoutDescription</b><br>Test class: org.example.SurveyPageTestCases</td>
<td></td>
<td>26</td>
<td>org.example.SurveyPageTestCases@72bd06ca</td></tr>
<tr>
<td title='org.example.SurveyPageTestCases.addAContactTypeQuestionWithSubtypeMobileNumberWithDescription()'><b>addAContactTypeQuestionWithSubtypeMobileNumberWithDescription</b><br>Test class: org.example.SurveyPageTestCases</td>
<td></td>
<td>25</td>
<td>org.example.SurveyPageTestCases@72bd06ca</td></tr>
<tr>
<td title='org.example.SurveyPageTestCases.addAContactTypeQuestionWithSubtypeMobileNumberWithoutDescription()'><b>addAContactTypeQuestionWithSubtypeMobileNumberWithoutDescription</b><br>Test class: org.example.SurveyPageTestCases</td>
<td></td>
<td>24</td>
<td>org.example.SurveyPageTestCases@72bd06ca</td></tr>
<tr>
<td title='org.example.SurveyPageTestCases.addATextQuestionToSurvey()'><b>addATextQuestionToSurvey</b><br>Test class: org.example.SurveyPageTestCases</td>
<td></td>
<td>24</td>
<td>org.example.SurveyPageTestCases@72bd06ca</td></tr>
<tr>
<td title='org.example.SurveyPageTestCases.addAreaToSurvey()'><b>addAreaToSurvey</b><br>Test class: org.example.SurveyPageTestCases</td>
<td></td>
<td>22</td>
<td>org.example.SurveyPageTestCases@72bd06ca</td></tr>
<tr>
<td title='org.example.SurveyPageTestCases.addDescriptionToAnExistentContactTypeQuestion()'><b>addDescriptionToAnExistentContactTypeQuestion</b><br>Test class: org.example.SurveyPageTestCases</td>
<td></td>
<td>24</td>
<td>org.example.SurveyPageTestCases@72bd06ca</td></tr>
<tr>
<td title='org.example.SurveyPageTestCases.addFacesQuestionToSurveyWithSatisfactionIndex()'><b>addFacesQuestionToSurveyWithSatisfactionIndex</b><br>Test class: org.example.SurveyPageTestCases</td>
<td></td>
<td>23</td>
<td>org.example.SurveyPageTestCases@72bd06ca</td></tr>
<tr>
<td title='org.example.SurveyPageTestCases.addFacesQuestionToSurveyWithSatisfactionIndexAndWithoutText()'><b>addFacesQuestionToSurveyWithSatisfactionIndexAndWithoutText</b><br>Test class: org.example.SurveyPageTestCases</td>
<td></td>
<td>27</td>
<td>org.example.SurveyPageTestCases@72bd06ca</td></tr>
<tr>
<td title='org.example.SurveyPageTestCases.addFacesQuestionToSurveyWithoutSatisfactionIndex()'><b>addFacesQuestionToSurveyWithoutSatisfactionIndex</b><br>Test class: org.example.SurveyPageTestCases</td>
<td></td>
<td>24</td>
<td>org.example.SurveyPageTestCases@72bd06ca</td></tr>
<tr>
<td title='org.example.SurveyPageTestCases.addFacesQuestionToSurveyWithoutSatisfactionIndexAndText()'><b>addFacesQuestionToSurveyWithoutSatisfactionIndexAndText</b><br>Test class: org.example.SurveyPageTestCases</td>
<td></td>
<td>28</td>
<td>org.example.SurveyPageTestCases@72bd06ca</td></tr>
<tr>
<td title='org.example.SurveyPageTestCases.addMultipleOptionQuestionToSurveyWithSixOptions()'><b>addMultipleOptionQuestionToSurveyWithSixOptions</b><br>Test class: org.example.SurveyPageTestCases</td>
<td></td>
<td>29</td>
<td>org.example.SurveyPageTestCases@72bd06ca</td></tr>
<tr>
<td title='org.example.SurveyPageTestCases.addMultipleOptionQuestionToSurveyWithThreeOptionsOneEmpty()'><b>addMultipleOptionQuestionToSurveyWithThreeOptionsOneEmpty</b><br>Test class: org.example.SurveyPageTestCases</td>
<td></td>
<td>25</td>
<td>org.example.SurveyPageTestCases@72bd06ca</td></tr>
<tr>
<td title='org.example.SurveyPageTestCases.addMultipleOptionQuestionToSurveyWithTwoEmptyOptions()'><b>addMultipleOptionQuestionToSurveyWithTwoEmptyOptions</b><br>Test class: org.example.SurveyPageTestCases</td>
<td></td>
<td>56</td>
<td>org.example.SurveyPageTestCases@72bd06ca</td></tr>
<tr>
<td title='org.example.SurveyPageTestCases.addMultipleOptionQuestionToSurveyWithTwoOptions()'><b>addMultipleOptionQuestionToSurveyWithTwoOptions</b><br>Test class: org.example.SurveyPageTestCases</td>
<td></td>
<td>27</td>
<td>org.example.SurveyPageTestCases@72bd06ca</td></tr>
<tr>
<td title='org.example.SurveyPageTestCases.addScaleQuestionToSurvey()'><b>addScaleQuestionToSurvey</b><br>Test class: org.example.SurveyPageTestCases</td>
<td></td>
<td>26</td>
<td>org.example.SurveyPageTestCases@72bd06ca</td></tr>
<tr>
<td title='org.example.SurveyPageTestCases.addScaleQuestionToSurveyWithoutText()'><b>addScaleQuestionToSurveyWithoutText</b><br>Test class: org.example.SurveyPageTestCases</td>
<td></td>
<td>24</td>
<td>org.example.SurveyPageTestCases@72bd06ca</td></tr>
<tr>
<td title='org.example.SurveyPageTestCases.assignAllTheAreasPosiblesInASurvey()'><b>assignAllTheAreasPosiblesInASurvey</b><br>Test class: org.example.SurveyPageTestCases</td>
<td></td>
<td>94</td>
<td>org.example.SurveyPageTestCases@72bd06ca</td></tr>
<tr>
<td title='org.example.SurveyPageTestCases.createASurvey()'><b>createASurvey</b><br>Test class: org.example.SurveyPageTestCases</td>
<td></td>
<td>26</td>
<td>org.example.SurveyPageTestCases@72bd06ca</td></tr>
<tr>
<td title='org.example.SurveyPageTestCases.createASurveyWithoutName()'><b>createASurveyWithoutName</b><br>Test class: org.example.SurveyPageTestCases</td>
<td></td>
<td>20</td>
<td>org.example.SurveyPageTestCases@72bd06ca</td></tr>
<tr>
<td title='org.example.AdminsTestCases.createAnAdminWithInvalidEmail()'><b>createAnAdminWithInvalidEmail</b><br>Test class: org.example.AdminsTestCases<br>Parameters: erodriguez@@effectussoftware.com</td>
<td></td>
<td>20</td>
<td>org.example.AdminsTestCases@5cc126dc</td></tr>
<tr>
<td title='org.example.AdminsTestCases.createAnAdminWithInvalidEmail()'><b>createAnAdminWithInvalidEmail</b><br>Test class: org.example.AdminsTestCases<br>Parameters: erodriguez@effectussoftware..com</td>
<td></td>
<td>22</td>
<td>org.example.AdminsTestCases@5cc126dc</td></tr>
<tr>
<td title='org.example.AdminsTestCases.createAnAdminWithInvalidEmail()'><b>createAnAdminWithInvalidEmail</b><br>Test class: org.example.AdminsTestCases<br>Parameters: erodriguez@effectussoftware..c</td>
<td></td>
<td>8</td>
<td>org.example.AdminsTestCases@5cc126dc</td></tr>
<tr>
<td title='org.example.AdminsTestCases.createAnAdminWithInvalidEmail()'><b>createAnAdminWithInvalidEmail</b><br>Test class: org.example.AdminsTestCases<br>Parameters: erodriguez#effectussoftware.com</td>
<td></td>
<td>21</td>
<td>org.example.AdminsTestCases@5cc126dc</td></tr>
<tr>
<td title='org.example.AdminsTestCases.createAnAdminWithoutConfirmPassword()'><b>createAnAdminWithoutConfirmPassword</b><br>Test class: org.example.AdminsTestCases</td>
<td></td>
<td>21</td>
<td>org.example.AdminsTestCases@5cc126dc</td></tr>
<tr>
<td title='org.example.AdminsTestCases.createAnAdminWithoutEmail()'><b>createAnAdminWithoutEmail</b><br>Test class: org.example.AdminsTestCases</td>
<td></td>
<td>22</td>
<td>org.example.AdminsTestCases@5cc126dc</td></tr>
<tr>
<td title='org.example.AdminsTestCases.createCompanyAdmin()'><b>createCompanyAdmin</b><br>Test class: org.example.AdminsTestCases</td>
<td></td>
<td>24</td>
<td>org.example.AdminsTestCases@5cc126dc</td></tr>
<tr>
<td title='org.example.AdminsTestCases.createVisualizatorAdmin()'><b>createVisualizatorAdmin</b><br>Test class: org.example.AdminsTestCases</td>
<td></td>
<td>24</td>
<td>org.example.AdminsTestCases@5cc126dc</td></tr>
<tr>
<td title='org.example.AdminsTestCases.deleteAnCompanyAdmin()'><b>deleteAnCompanyAdmin</b><br>Test class: org.example.AdminsTestCases</td>
<td></td>
<td>21</td>
<td>org.example.AdminsTestCases@5cc126dc</td></tr>
<tr>
<td title='org.example.SurveyPageTestCases.editASurvey()'><b>editASurvey</b><br>Test class: org.example.SurveyPageTestCases</td>
<td></td>
<td>30</td>
<td>org.example.SurveyPageTestCases@72bd06ca</td></tr>
<tr>
<td title='org.example.SurveyPageTestCases.editDescriptionToAContactTypeQuestion()'><b>editDescriptionToAContactTypeQuestion</b><br>Test class: org.example.SurveyPageTestCases</td>
<td></td>
<td>26</td>
<td>org.example.SurveyPageTestCases@72bd06ca</td></tr>
<tr>
<td title='org.example.AdminsTestCases.editEmailOfCompanyUser()'><b>editEmailOfCompanyUser</b><br>Test class: org.example.AdminsTestCases</td>
<td></td>
<td>24</td>
<td>org.example.AdminsTestCases@5cc126dc</td></tr>
<tr>
<td title='org.example.AdminsTestCases.editEmailOfVisualizatorUser()'><b>editEmailOfVisualizatorUser</b><br>Test class: org.example.AdminsTestCases</td>
<td></td>
<td>36</td>
<td>org.example.AdminsTestCases@5cc126dc</td></tr>
<tr>
<td title='org.example.InfoUserTestCases.editMyEmail()'><b>editMyEmail</b><br>Test class: org.example.InfoUserTestCases</td>
<td></td>
<td>34</td>
<td>org.example.InfoUserTestCases@625e134e</td></tr>
<tr>
<td title='org.example.InfoUserTestCases.editMyInfoIncorrectly()'><b>editMyInfoIncorrectly</b><br>Test class: org.example.InfoUserTestCases</td>
<td></td>
<td>33</td>
<td>org.example.InfoUserTestCases@625e134e</td></tr>
<tr>
<td title='org.example.InfoUserTestCases.editMyInfoWithInvalidEmail()'><b>editMyInfoWithInvalidEmail</b><br>Test class: org.example.InfoUserTestCases<br>Parameters: erodriguez@@effectussoftware.com, password</td>
<td></td>
<td>34</td>
<td>org.example.InfoUserTestCases@625e134e</td></tr>
<tr>
<td title='org.example.InfoUserTestCases.editMyInfoWithInvalidEmail()'><b>editMyInfoWithInvalidEmail</b><br>Test class: org.example.InfoUserTestCases<br>Parameters: erodriguez@effectussoftware..com, password</td>
<td></td>
<td>34</td>
<td>org.example.InfoUserTestCases@625e134e</td></tr>
<tr>
<td title='org.example.InfoUserTestCases.editMyInfoWithInvalidEmail()'><b>editMyInfoWithInvalidEmail</b><br>Test class: org.example.InfoUserTestCases<br>Parameters: erodriguez@effectussoftware..c, password</td>
<td></td>
<td>21</td>
<td>org.example.InfoUserTestCases@625e134e</td></tr>
<tr>
<td title='org.example.InfoUserTestCases.editMyInfoWithInvalidEmail()'><b>editMyInfoWithInvalidEmail</b><br>Test class: org.example.InfoUserTestCases<br>Parameters: erodriguez#effectussoftware.com, password</td>
<td></td>
<td>34</td>
<td>org.example.InfoUserTestCases@625e134e</td></tr>
<tr>
<td title='org.example.SurveyPageTestCases.editTitleQuestionContactType()'><b>editTitleQuestionContactType</b><br>Test class: org.example.SurveyPageTestCases</td>
<td></td>
<td>27</td>
<td>org.example.SurveyPageTestCases@72bd06ca</td></tr>
<tr>
<td title='org.example.SurveyPageTestCases.editTitleQuestionScaleType()'><b>editTitleQuestionScaleType</b><br>Test class: org.example.SurveyPageTestCases</td>
<td></td>
<td>26</td>
<td>org.example.SurveyPageTestCases@72bd06ca</td></tr>
<tr>
<td title='org.example.SurveyPageTestCases.editTitleQuestionTextType()'><b>editTitleQuestionTextType</b><br>Test class: org.example.SurveyPageTestCases</td>
<td></td>
<td>25</td>
<td>org.example.SurveyPageTestCases@72bd06ca</td></tr>
<tr>
<td title='org.example.LoginPageCases.loginWithInvalidEmail()'><b>loginWithInvalidEmail</b><br>Test class: org.example.LoginPageCases<br>Parameters: erodriguez@@effectussoftware.com, password</td>
<td></td>
<td>14</td>
<td>org.example.LoginPageCases@7e809b79</td></tr>
<tr>
<td title='org.example.LoginPageCases.loginWithInvalidEmail()'><b>loginWithInvalidEmail</b><br>Test class: org.example.LoginPageCases<br>Parameters: erodriguez@effectussoftware..com, password</td>
<td></td>
<td>11</td>
<td>org.example.LoginPageCases@7e809b79</td></tr>
<tr>
<td title='org.example.LoginPageCases.loginWithInvalidEmail()'><b>loginWithInvalidEmail</b><br>Test class: org.example.LoginPageCases<br>Parameters: erodriguez@effectussoftware..c, password</td>
<td></td>
<td>11</td>
<td>org.example.LoginPageCases@7e809b79</td></tr>
<tr>
<td title='org.example.LoginPageCases.loginWithInvalidEmail()'><b>loginWithInvalidEmail</b><br>Test class: org.example.LoginPageCases<br>Parameters: erodriguez#effectussoftware..com, password</td>
<td></td>
<td>11</td>
<td>org.example.LoginPageCases@7e809b79</td></tr>
<tr>
<td title='org.example.LoginPageCases.loginWithInvalidEmailAndThenLoginWithValidEmail()'><b>loginWithInvalidEmailAndThenLoginWithValidEmail</b><br>Test class: org.example.LoginPageCases</td>
<td></td>
<td>13</td>
<td>org.example.LoginPageCases@7e809b79</td></tr>
<tr>
<td title='org.example.LoginPageCases.loginWithInvalidPassword()'><b>loginWithInvalidPassword</b><br>Test class: org.example.LoginPageCases</td>
<td></td>
<td>12</td>
<td>org.example.LoginPageCases@7e809b79</td></tr>
<tr>
<td title='org.example.LoginPageCases.loginWithoutEmailAndPassword()'><b>loginWithoutEmailAndPassword</b><br>Test class: org.example.LoginPageCases</td>
<td></td>
<td>5</td>
<td>org.example.LoginPageCases@7e809b79</td></tr>
<tr>
<td title='org.example.AdminsTestCases.myUserDontAppearsInTheList()'><b>myUserDontAppearsInTheList</b><br>Test class: org.example.AdminsTestCases</td>
<td></td>
<td>34</td>
<td>org.example.AdminsTestCases@5cc126dc</td></tr>
<tr>
<td title='org.example.SurveyPageTestCases.unassingASurveyArea()'><b>unassingASurveyArea</b><br>Test class: org.example.SurveyPageTestCases</td>
<td></td>
<td>24</td>
<td>org.example.SurveyPageTestCases@72bd06ca</td></tr>
</table><p>
</body>
</html>