<?xml version="1.0" encoding="UTF-8"?>
<!-- Generated by org.testng.reporters.JUnitXMLReporter -->
<testsuite ignored="0" hostname="Emilianos-Mini.localdomain" failures="9" tests="61" name="TestProject" time="1546.167" errors="0" timestamp="2020-11-20T14:09:19 UYT">
  <testcase classname="org.example.LoginPageCases" name="loginWithInvalidEmail" time="14.426"/>
  <testcase classname="org.example.LoginPageCases" name="loginWithInvalidEmail" time="11.716"/>
  <testcase classname="org.example.LoginPageCases" name="loginWithInvalidEmail" time="11.866"/>
  <testcase classname="org.example.LoginPageCases" name="loginWithInvalidEmail" time="11.529"/>
  <testcase classname="org.example.LoginPageCases" name="loginWithInvalidEmailAndThenLoginWithValidEmail" time="13.347"/>
  <testcase classname="org.example.LoginPageCases" name="loginWithInvalidPassword" time="12.066"/>
  <testcase classname="org.example.LoginPageCases" name="loginWithoutEmailAndPassword" time="5.638"/>
  <testcase classname="org.example.LoginPageCases" name="validateLoginFlow" time="28.575">
    <failure type="org.openqa.selenium.TimeoutException" message="Expected condition failed: waiting for presence of element located by: By.xpath: //body/div[@id=&amp;apos;root&amp;apos;]/div[1]/div[2]/label[1] (tried for 6 second(s) with 1000 milliseconds interval)">
      <![CDATA[org.openqa.selenium.TimeoutException: Expected condition failed: waiting for presence of element located by: By.xpath: //body/div[@id='root']/div[1]/div[2]/label[1] (tried for 6 second(s) with 1000 milliseconds interval)
at org.openqa.selenium.support.ui.FluentWait.timeoutException(FluentWait.java:293)
at org.openqa.selenium.support.ui.FluentWait.lambda$checkConditionInLoop$2(FluentWait.java:255)
at java.base/java.util.concurrent.CompletableFuture$AsyncSupply.run(CompletableFuture.java:1700)
at java.base/java.util.concurrent.CompletableFuture$AsyncSupply.exec(CompletableFuture.java:1692)
at java.base/java.util.concurrent.ForkJoinTask.doExec(ForkJoinTask.java:290)
at java.base/java.util.concurrent.ForkJoinPool$WorkQueue.topLevelExec(ForkJoinPool.java:1020)
at java.base/java.util.concurrent.ForkJoinPool.scan(ForkJoinPool.java:1656)
at java.base/java.util.concurrent.ForkJoinPool.runWorker(ForkJoinPool.java:1594)
at java.base/java.util.concurrent.ForkJoinWorkerThread.run(ForkJoinWorkerThread.java:177)
Caused by: org.openqa.selenium.NoSuchElementException: no such element: Unable to locate element: {"method":"xpath","selector":"//body/div[@id='root']/div[1]/div[2]/label[1]"}
  (Session info: headless chrome=86.0.4240.198)
For documentation on this error, please visit: https://selenium.dev/exceptions/#no_such_element
Build info: version: '4.0.0-alpha-6', revision: '5f43a29cfc'
System info: host: 'Emilianos-Mini.localdomain', ip: '192.168.1.37', os.name: 'Mac OS X', os.arch: 'x86_64', os.version: '10.15.7', java.version: '11.0.7'
Driver info: org.openqa.selenium.chrome.ChromeDriver
Capabilities {acceptInsecureCerts: false, browserName: chrome, browserVersion: 86.0.4240.198, chrome: {chromedriverVersion: 86.0.4240.22 (398b0743353ff..., userDataDir: /var/folders/0m/gb7z83vd0cj...}, goog:chromeOptions: {debuggerAddress: localhost:54420}, javascriptEnabled: true, networkConnectionEnabled: false, pageLoadStrategy: normal, platform: MAC, platformName: MAC, proxy: Proxy(), setWindowRect: true, strictFileInteractability: false, timeouts: {implicit: 0, pageLoad: 300000, script: 30000}, unhandledPromptBehavior: dismiss and notify, webauthn:virtualAuthenticators: true}
Session ID: a7574aaac93cf07687c9b3750d9295be
*** Element info: {Using=xpath, value=//body/div[@id='root']/div[1]/div[2]/label[1]}
at org.openqa.selenium.remote.codec.w3c.W3CHttpResponseCodec.createException(W3CHttpResponseCodec.java:196)
at org.openqa.selenium.remote.codec.w3c.W3CHttpResponseCodec.decode(W3CHttpResponseCodec.java:129)
at org.openqa.selenium.remote.codec.w3c.W3CHttpResponseCodec.decode(W3CHttpResponseCodec.java:53)
at org.openqa.selenium.remote.HttpCommandExecutor.execute(HttpCommandExecutor.java:160)
at org.openqa.selenium.remote.service.DriverCommandExecutor.execute(DriverCommandExecutor.java:83)
at org.openqa.selenium.remote.RemoteWebDriver.execute(RemoteWebDriver.java:582)
at org.openqa.selenium.remote.RemoteWebDriver.findElement(RemoteWebDriver.java:333)
at org.openqa.selenium.remote.RemoteWebDriver.findElementByXPath(RemoteWebDriver.java:451)
at org.openqa.selenium.By$ByXPath.findElement(By.java:394)
at org.openqa.selenium.remote.RemoteWebDriver.findElement(RemoteWebDriver.java:325)
at org.openqa.selenium.support.ui.ExpectedConditions$6.apply(ExpectedConditions.java:182)
at org.openqa.selenium.support.ui.ExpectedConditions$6.apply(ExpectedConditions.java:179)
at org.openqa.selenium.support.ui.FluentWait.lambda$checkConditionInLoop$2(FluentWait.java:233)
... 7 more
... Removed 3 stack frames]]>
    </failure>
  </testcase> <!-- validateLoginFlow -->
  <testcase classname="org.example.AdminsTestCases" name="createAnAdminWithInvalidEmail" time="20.967"/>
  <testcase classname="org.example.AdminsTestCases" name="createAnAdminWithInvalidEmail" time="22.086"/>
  <testcase classname="org.example.AdminsTestCases" name="createAnAdminWithInvalidEmail" time="8.93"/>
  <testcase classname="org.example.AdminsTestCases" name="createAnAdminWithInvalidEmail" time="21.72"/>
  <testcase classname="org.example.AdminsTestCases" name="createAnAdminWithoutConfirmPassword" time="21.948"/>
  <testcase classname="org.example.AdminsTestCases" name="createAnAdminWithoutEmail" time="22.149"/>
  <testcase classname="org.example.AdminsTestCases" name="createCompanyAdmin" time="24.086"/>
  <testcase classname="org.example.AdminsTestCases" name="createVisualizatorAdmin" time="24.472"/>
  <testcase classname="org.example.AdminsTestCases" name="deleteAnCompanyAdmin" time="21.95"/>
  <testcase classname="org.example.AdminsTestCases" name="editEmailOfCompanyUser" time="24.259"/>
  <testcase classname="org.example.AdminsTestCases" name="editEmailOfVisualizatorUser" time="36.448"/>
  <testcase classname="org.example.AdminsTestCases" name="myUserDontAppearsInTheList" time="34.427"/>
  <testcase classname="org.example.InfoUserTestCases" name="editMyEmail" time="34.984"/>
  <testcase classname="org.example.InfoUserTestCases" name="editMyInfoIncorrectly" time="33.98"/>
  <testcase classname="org.example.InfoUserTestCases" name="editMyInfoWithInvalidEmail" time="34.187"/>
  <testcase classname="org.example.InfoUserTestCases" name="editMyInfoWithInvalidEmail" time="34.263"/>
  <testcase classname="org.example.InfoUserTestCases" name="editMyInfoWithInvalidEmail" time="21.18"/>
  <testcase classname="org.example.InfoUserTestCases" name="editMyInfoWithInvalidEmail" time="34.236"/>
  <testcase classname="org.example.InfoUserTestCases" name="seeMyUserInfo" time="33.719">
    <failure type="java.lang.AssertionError" message="expected [true] but found [false]">
      <![CDATA[java.lang.AssertionError: expected [true] but found [false]
at org.example.InfoUserTestCases.seeMyUserInfo(InfoUserTestCases.java:26)
at java.base/java.util.concurrent.ThreadPoolExecutor.runWorker(ThreadPoolExecutor.java:1128)
at java.base/java.util.concurrent.ThreadPoolExecutor$Worker.run(ThreadPoolExecutor.java:628)
at java.base/java.lang.Thread.run(Thread.java:834)
... Removed 16 stack frames]]>
    </failure>
  </testcase> <!-- seeMyUserInfo -->
  <testcase classname="org.example.InfoUserTestCases" name="seeMyUserInfo" time="34.204">
    <failure type="java.lang.ClassCastException" message="class org.example.InfoUserTestCases cannot be cast to class org.example.LoginPageCases (org.example.InfoUserTestCases and org.example.LoginPageCases are in unnamed module of loader &amp;apos;app&amp;apos;)">
      <![CDATA[java.lang.ClassCastException: class org.example.InfoUserTestCases cannot be cast to class org.example.LoginPageCases (org.example.InfoUserTestCases and org.example.LoginPageCases are in unnamed module of loader 'app')
at org.example.Listeners.onTestFailure(Listeners.java:54)
at java.base/java.util.concurrent.ThreadPoolExecutor.runWorker(ThreadPoolExecutor.java:1128)
at java.base/java.util.concurrent.ThreadPoolExecutor$Worker.run(ThreadPoolExecutor.java:628)
at java.base/java.lang.Thread.run(Thread.java:834)
... Removed 9 stack frames]]>
    </failure>
  </testcase> <!-- seeMyUserInfo -->
  <testcase classname="org.example.SurveyPageTestCases" name="addAContactTypeQuestionWithSubtypeEmailWithDescription" time="29.377">
    <failure type="org.openqa.selenium.TimeoutException" message="Expected condition failed: waiting for presence of element located by: By.xpath: //textarea[@class=&amp;apos;sc-AxgMl dxZxmV questionName&amp;apos;] (tried for 6 second(s) with 1000 milliseconds interval)">
      <![CDATA[org.openqa.selenium.TimeoutException: Expected condition failed: waiting for presence of element located by: By.xpath: //textarea[@class='sc-AxgMl dxZxmV questionName'] (tried for 6 second(s) with 1000 milliseconds interval)
at org.openqa.selenium.support.ui.FluentWait.timeoutException(FluentWait.java:293)
at org.openqa.selenium.support.ui.FluentWait.lambda$checkConditionInLoop$2(FluentWait.java:255)
at java.base/java.util.concurrent.CompletableFuture$AsyncSupply.run(CompletableFuture.java:1700)
at java.base/java.util.concurrent.CompletableFuture$AsyncSupply.exec(CompletableFuture.java:1692)
at java.base/java.util.concurrent.ForkJoinTask.doExec(ForkJoinTask.java:290)
at java.base/java.util.concurrent.ForkJoinPool$WorkQueue.topLevelExec(ForkJoinPool.java:1020)
at java.base/java.util.concurrent.ForkJoinPool.scan(ForkJoinPool.java:1656)
at java.base/java.util.concurrent.ForkJoinPool.runWorker(ForkJoinPool.java:1594)
at java.base/java.util.concurrent.ForkJoinWorkerThread.run(ForkJoinWorkerThread.java:177)
Caused by: org.openqa.selenium.NoSuchElementException: no such element: Unable to locate element: {"method":"xpath","selector":"//textarea[@class='sc-AxgMl dxZxmV questionName']"}
  (Session info: headless chrome=86.0.4240.198)
For documentation on this error, please visit: https://selenium.dev/exceptions/#no_such_element
Build info: version: '4.0.0-alpha-6', revision: '5f43a29cfc'
System info: host: 'Emilianos-Mini.localdomain', ip: '192.168.1.37', os.name: 'Mac OS X', os.arch: 'x86_64', os.version: '10.15.7', java.version: '11.0.7'
Driver info: org.openqa.selenium.chrome.ChromeDriver
Capabilities {acceptInsecureCerts: false, browserName: chrome, browserVersion: 86.0.4240.198, chrome: {chromedriverVersion: 86.0.4240.22 (398b0743353ff..., userDataDir: /var/folders/0m/gb7z83vd0cj...}, goog:chromeOptions: {debuggerAddress: localhost:54921}, javascriptEnabled: true, networkConnectionEnabled: false, pageLoadStrategy: normal, platform: MAC, platformName: MAC, proxy: Proxy(), setWindowRect: true, strictFileInteractability: false, timeouts: {implicit: 0, pageLoad: 300000, script: 30000}, unhandledPromptBehavior: dismiss and notify, webauthn:virtualAuthenticators: true}
Session ID: 123580026af552945c8d0d4e5dfbbba0
*** Element info: {Using=xpath, value=//textarea[@class='sc-AxgMl dxZxmV questionName']}
at org.openqa.selenium.remote.codec.w3c.W3CHttpResponseCodec.createException(W3CHttpResponseCodec.java:196)
at org.openqa.selenium.remote.codec.w3c.W3CHttpResponseCodec.decode(W3CHttpResponseCodec.java:129)
at org.openqa.selenium.remote.codec.w3c.W3CHttpResponseCodec.decode(W3CHttpResponseCodec.java:53)
at org.openqa.selenium.remote.HttpCommandExecutor.execute(HttpCommandExecutor.java:160)
at org.openqa.selenium.remote.service.DriverCommandExecutor.execute(DriverCommandExecutor.java:83)
at org.openqa.selenium.remote.RemoteWebDriver.execute(RemoteWebDriver.java:582)
at org.openqa.selenium.remote.RemoteWebDriver.findElement(RemoteWebDriver.java:333)
at org.openqa.selenium.remote.RemoteWebDriver.findElementByXPath(RemoteWebDriver.java:451)
at org.openqa.selenium.By$ByXPath.findElement(By.java:394)
at org.openqa.selenium.remote.RemoteWebDriver.findElement(RemoteWebDriver.java:325)
at org.openqa.selenium.support.ui.ExpectedConditions$6.apply(ExpectedConditions.java:182)
at org.openqa.selenium.support.ui.ExpectedConditions$6.apply(ExpectedConditions.java:179)
at org.openqa.selenium.support.ui.FluentWait.lambda$checkConditionInLoop$2(FluentWait.java:233)
... 7 more
... Removed 3 stack frames]]>
    </failure>
  </testcase> <!-- addAContactTypeQuestionWithSubtypeEmailWithDescription -->
  <testcase classname="org.example.SurveyPageTestCases" name="addAContactTypeQuestionWithSubtypeEmailWithDescription" time="30.406">
    <failure type="java.lang.ClassCastException" message="class org.example.SurveyPageTestCases cannot be cast to class org.example.LoginPageCases (org.example.SurveyPageTestCases and org.example.LoginPageCases are in unnamed module of loader &amp;apos;app&amp;apos;)">
      <![CDATA[java.lang.ClassCastException: class org.example.SurveyPageTestCases cannot be cast to class org.example.LoginPageCases (org.example.SurveyPageTestCases and org.example.LoginPageCases are in unnamed module of loader 'app')
at org.example.Listeners.onTestFailure(Listeners.java:54)
at java.base/java.util.concurrent.ThreadPoolExecutor.runWorker(ThreadPoolExecutor.java:1128)
at java.base/java.util.concurrent.ThreadPoolExecutor$Worker.run(ThreadPoolExecutor.java:628)
at java.base/java.lang.Thread.run(Thread.java:834)
... Removed 9 stack frames]]>
    </failure>
  </testcase> <!-- addAContactTypeQuestionWithSubtypeEmailWithDescription -->
  <testcase classname="org.example.SurveyPageTestCases" name="addAContactTypeQuestionWithSubtypeEmailWithoutDescription" time="26.638"/>
  <testcase classname="org.example.SurveyPageTestCases" name="addAContactTypeQuestionWithSubtypeIDWithDescription" time="24.838"/>
  <testcase classname="org.example.SurveyPageTestCases" name="addAContactTypeQuestionWithSubtypeIDWithoutDescription" time="26.559"/>
  <testcase classname="org.example.SurveyPageTestCases" name="addAContactTypeQuestionWithSubtypeMobileNumberWithDescription" time="25.195"/>
  <testcase classname="org.example.SurveyPageTestCases" name="addAContactTypeQuestionWithSubtypeMobileNumberWithoutDescription" time="24.225"/>
  <testcase classname="org.example.SurveyPageTestCases" name="addATextQuestionToSurvey" time="24.005"/>
  <testcase classname="org.example.SurveyPageTestCases" name="addAreaToSurvey" time="22.838"/>
  <testcase classname="org.example.SurveyPageTestCases" name="addDescriptionToAnExistentContactTypeQuestion" time="24.035"/>
  <testcase classname="org.example.SurveyPageTestCases" name="addFacesQuestionToSurveyWithSatisfactionIndex" time="23.995"/>
  <testcase classname="org.example.SurveyPageTestCases" name="addFacesQuestionToSurveyWithSatisfactionIndexAndWithoutText" time="27.269"/>
  <testcase classname="org.example.SurveyPageTestCases" name="addFacesQuestionToSurveyWithoutSatisfactionIndex" time="24.037"/>
  <testcase classname="org.example.SurveyPageTestCases" name="addFacesQuestionToSurveyWithoutSatisfactionIndexAndText" time="28.615"/>
  <testcase classname="org.example.SurveyPageTestCases" name="addMultipleOptionQuestionToSurveyWithSixOptions" time="29.933"/>
  <testcase classname="org.example.SurveyPageTestCases" name="addMultipleOptionQuestionToSurveyWithThreeOptionsOneEmpty" time="25.676"/>
  <testcase classname="org.example.SurveyPageTestCases" name="addMultipleOptionQuestionToSurveyWithTwoEmptyOptions" time="56.625"/>
  <testcase classname="org.example.SurveyPageTestCases" name="addMultipleOptionQuestionToSurveyWithTwoOptions" time="27.341"/>
  <testcase classname="org.example.SurveyPageTestCases" name="addScaleQuestionToSurvey" time="26.88"/>
  <testcase classname="org.example.SurveyPageTestCases" name="addScaleQuestionToSurveyWithoutText" time="24.863"/>
  <testcase classname="org.example.SurveyPageTestCases" name="assignAllTheAreasPosiblesInASurvey" time="94.45"/>
  <testcase classname="org.example.SurveyPageTestCases" name="createASurvey" time="26.309"/>
  <testcase classname="org.example.SurveyPageTestCases" name="createASurveyWithoutName" time="20.957"/>
  <testcase classname="org.example.SurveyPageTestCases" name="editASurvey" time="30.501"/>
  <testcase classname="org.example.SurveyPageTestCases" name="editDescriptionToAContactTypeQuestion" time="26.619"/>
  <testcase classname="org.example.SurveyPageTestCases" name="editTitleQuestionContactType" time="27.961"/>
  <testcase classname="org.example.SurveyPageTestCases" name="editTitleQuestionFacesType" time="25.924">
    <failure type="org.openqa.selenium.TimeoutException" message="Expected condition failed: waiting for presence of element located by: By.xpath: //body/div[@id=&amp;apos;root&amp;apos;]/div[1]/div[2]/div[3]/table[1]/tbody[1]/tr (tried for 6 second(s) with 1000 milliseconds interval)">
      <![CDATA[org.openqa.selenium.TimeoutException: Expected condition failed: waiting for presence of element located by: By.xpath: //body/div[@id='root']/div[1]/div[2]/div[3]/table[1]/tbody[1]/tr (tried for 6 second(s) with 1000 milliseconds interval)
at org.openqa.selenium.support.ui.FluentWait.timeoutException(FluentWait.java:293)
at org.openqa.selenium.support.ui.FluentWait.lambda$checkConditionInLoop$2(FluentWait.java:255)
at java.base/java.util.concurrent.CompletableFuture$AsyncSupply.run(CompletableFuture.java:1700)
at java.base/java.util.concurrent.CompletableFuture$AsyncSupply.exec(CompletableFuture.java:1692)
at java.base/java.util.concurrent.ForkJoinTask.doExec(ForkJoinTask.java:290)
at java.base/java.util.concurrent.ForkJoinPool$WorkQueue.topLevelExec(ForkJoinPool.java:1020)
at java.base/java.util.concurrent.ForkJoinPool.scan(ForkJoinPool.java:1656)
at java.base/java.util.concurrent.ForkJoinPool.runWorker(ForkJoinPool.java:1594)
at java.base/java.util.concurrent.ForkJoinWorkerThread.run(ForkJoinWorkerThread.java:177)
Caused by: org.openqa.selenium.NoSuchElementException: no such element: Unable to locate element: {"method":"xpath","selector":"//body/div[@id='root']/div[1]/div[2]/div[3]/table[1]/tbody[1]/tr"}
  (Session info: headless chrome=86.0.4240.198)
For documentation on this error, please visit: https://selenium.dev/exceptions/#no_such_element
Build info: version: '4.0.0-alpha-6', revision: '5f43a29cfc'
System info: host: 'Emilianos-Mini.localdomain', ip: '192.168.1.37', os.name: 'Mac OS X', os.arch: 'x86_64', os.version: '10.15.7', java.version: '11.0.7'
Driver info: org.openqa.selenium.chrome.ChromeDriver
Capabilities {acceptInsecureCerts: false, browserName: chrome, browserVersion: 86.0.4240.198, chrome: {chromedriverVersion: 86.0.4240.22 (398b0743353ff..., userDataDir: /var/folders/0m/gb7z83vd0cj...}, goog:chromeOptions: {debuggerAddress: localhost:55491}, javascriptEnabled: true, networkConnectionEnabled: false, pageLoadStrategy: normal, platform: MAC, platformName: MAC, proxy: Proxy(), setWindowRect: true, strictFileInteractability: false, timeouts: {implicit: 0, pageLoad: 300000, script: 30000}, unhandledPromptBehavior: dismiss and notify, webauthn:virtualAuthenticators: true}
Session ID: b5f67b85a4cf690ac378ebb34162b07a
*** Element info: {Using=xpath, value=//body/div[@id='root']/div[1]/div[2]/div[3]/table[1]/tbody[1]/tr}
at org.openqa.selenium.remote.codec.w3c.W3CHttpResponseCodec.createException(W3CHttpResponseCodec.java:196)
at org.openqa.selenium.remote.codec.w3c.W3CHttpResponseCodec.decode(W3CHttpResponseCodec.java:129)
at org.openqa.selenium.remote.codec.w3c.W3CHttpResponseCodec.decode(W3CHttpResponseCodec.java:53)
at org.openqa.selenium.remote.HttpCommandExecutor.execute(HttpCommandExecutor.java:160)
at org.openqa.selenium.remote.service.DriverCommandExecutor.execute(DriverCommandExecutor.java:83)
at org.openqa.selenium.remote.RemoteWebDriver.execute(RemoteWebDriver.java:582)
at org.openqa.selenium.remote.RemoteWebDriver.findElement(RemoteWebDriver.java:333)
at org.openqa.selenium.remote.RemoteWebDriver.findElementByXPath(RemoteWebDriver.java:451)
at org.openqa.selenium.By$ByXPath.findElement(By.java:394)
at org.openqa.selenium.remote.RemoteWebDriver.findElement(RemoteWebDriver.java:325)
at org.openqa.selenium.support.ui.ExpectedConditions$6.apply(ExpectedConditions.java:182)
at org.openqa.selenium.support.ui.ExpectedConditions$6.apply(ExpectedConditions.java:179)
at org.openqa.selenium.support.ui.FluentWait.lambda$checkConditionInLoop$2(FluentWait.java:233)
... 7 more
... Removed 3 stack frames]]>
    </failure>
  </testcase> <!-- editTitleQuestionFacesType -->
  <testcase classname="org.example.SurveyPageTestCases" name="editTitleQuestionFacesType" time="26.547">
    <failure type="java.lang.ClassCastException" message="class org.example.SurveyPageTestCases cannot be cast to class org.example.LoginPageCases (org.example.SurveyPageTestCases and org.example.LoginPageCases are in unnamed module of loader &amp;apos;app&amp;apos;)">
      <![CDATA[java.lang.ClassCastException: class org.example.SurveyPageTestCases cannot be cast to class org.example.LoginPageCases (org.example.SurveyPageTestCases and org.example.LoginPageCases are in unnamed module of loader 'app')
at org.example.Listeners.onTestFailure(Listeners.java:54)
at java.base/java.util.concurrent.ThreadPoolExecutor.runWorker(ThreadPoolExecutor.java:1128)
at java.base/java.util.concurrent.ThreadPoolExecutor$Worker.run(ThreadPoolExecutor.java:628)
at java.base/java.lang.Thread.run(Thread.java:834)
... Removed 9 stack frames]]>
    </failure>
  </testcase> <!-- editTitleQuestionFacesType -->
  <testcase classname="org.example.SurveyPageTestCases" name="editTitleQuestionMultipleOptionType" time="25.655">
    <failure type="java.lang.AssertionError" message="expected [true] but found [false]">
      <![CDATA[java.lang.AssertionError: expected [true] but found [false]
at pageObjects.SurveyPage.editTitleQuestion(SurveyPage.java:154)
at org.example.SurveyPageTestCases.editTitleQuestionMultipleOptionType(SurveyPageTestCases.java:271)
at java.base/java.util.concurrent.ThreadPoolExecutor.runWorker(ThreadPoolExecutor.java:1128)
at java.base/java.util.concurrent.ThreadPoolExecutor$Worker.run(ThreadPoolExecutor.java:628)
at java.base/java.lang.Thread.run(Thread.java:834)
... Removed 16 stack frames]]>
    </failure>
  </testcase> <!-- editTitleQuestionMultipleOptionType -->
  <testcase classname="org.example.SurveyPageTestCases" name="editTitleQuestionMultipleOptionType" time="26.769">
    <failure type="java.lang.ClassCastException" message="class org.example.SurveyPageTestCases cannot be cast to class org.example.LoginPageCases (org.example.SurveyPageTestCases and org.example.LoginPageCases are in unnamed module of loader &amp;apos;app&amp;apos;)">
      <![CDATA[java.lang.ClassCastException: class org.example.SurveyPageTestCases cannot be cast to class org.example.LoginPageCases (org.example.SurveyPageTestCases and org.example.LoginPageCases are in unnamed module of loader 'app')
at org.example.Listeners.onTestFailure(Listeners.java:54)
at java.base/java.util.concurrent.ThreadPoolExecutor.runWorker(ThreadPoolExecutor.java:1128)
at java.base/java.util.concurrent.ThreadPoolExecutor$Worker.run(ThreadPoolExecutor.java:628)
at java.base/java.lang.Thread.run(Thread.java:834)
... Removed 9 stack frames]]>
    </failure>
  </testcase> <!-- editTitleQuestionMultipleOptionType -->
  <testcase classname="org.example.SurveyPageTestCases" name="editTitleQuestionScaleType" time="26.413"/>
  <testcase classname="org.example.SurveyPageTestCases" name="editTitleQuestionTextType" time="25.175"/>
  <testcase classname="org.example.SurveyPageTestCases" name="unassingASurveyArea" time="24.916"/>
</testsuite> <!-- TestProject -->
